<?xml version="1.0" encoding="UTF-8"?>
<!-- Generated by org.testng.reporters.JUnitReportReporter -->
<testsuite hostname="DESKTOP-AUJDBI1" failures="0" tests="1" name="testcases.LoginPageTest" time="27.064" errors="0" timestamp="05 Sep 2020 20:50:03 GMT" skipped="0">
  <testcase classname="testcases.LoginPageTest" name="loginPageTitleTest" time="27.064"/>
</testsuite> <!-- testcases.LoginPageTest -->
