<?xml version="1.0" encoding="UTF-8"?>
<!-- Generated by org.testng.reporters.JUnitReportReporter -->
<testsuite hostname="DESKTOP-AUJDBI1" failures="0" tests="1" name="testcases.LoginPageTest" time="13.008" errors="0" timestamp="05 Sep 2020 20:57:35 GMT" skipped="0">
  <testcase classname="testcases.LoginPageTest" name="loginPageTitleTest" time="13.008"/>
</testsuite> <!-- testcases.LoginPageTest -->
