<?xml version="1.0" encoding="UTF-8"?>
<!-- Generated by org.testng.reporters.JUnitReportReporter -->
<testsuite hostname="DESKTOP-AUJDBI1" failures="0" tests="1" name="testcases.LoginPageTest" time="14.272" errors="0" timestamp="05 Sep 2020 19:22:59 GMT" skipped="0">
  <testcase classname="testcases.LoginPageTest" name="loginPageTitleTest" time="14.272"/>
</testsuite> <!-- testcases.LoginPageTest -->
